<?xml version="1.0" encoding="UTF-8"?>
<!-- Generated by org.testng.reporters.JUnitXMLReporter -->
<testsuite ignored="0" hostname="LAPTOP-G4FQ34GB" failures="0" tests="2" name="SpecificBrowserTest" time="30.931" errors="0" timestamp="2025-10-20T07:53:07 IST">
  <testcase classname="testCases.TC001_Account_RegisterationTest" name="varify_Account_registration" time="2.925"/>
  <testcase classname="testCases.TC002_loginTest" name="varify_login" time="2.205"/>
</testsuite> <!-- SpecificBrowserTest -->
