<?xml version="1.0" encoding="UTF-8"?>
<!-- Generated by org.testng.reporters.JUnitXMLReporter -->
<testsuite ignored="0" hostname="LAPTOP-G4FQ34GB" failures="0" tests="2" name="SpecificBrowserTest" time="11.303" errors="0" timestamp="2025-10-12T19:41:27 IST">
  <testcase classname="testCases.TC001_Account_RegisterationTest" name="varify_Account_registration" time="2.566"/>
  <testcase classname="testCases.TC002_loginTest" name="varify_login" time="1.825"/>
</testsuite> <!-- SpecificBrowserTest -->
