<?xml version="1.0" encoding="UTF-8"?>
<!-- Generated by org.testng.reporters.JUnitXMLReporter -->
<testsuite ignored="1" hostname="LAPTOP-G4FQ34GB" failures="0" tests="2" name="SpecificBrowserTest" time="15.711" errors="0" timestamp="2025-10-24T13:56:59 IST">
  <testcase classname="testCases.TC001_Account_RegisterationTest" name="varify_Account_registration" time="3.208"/>
  <testcase classname="testCases.TC004_AddToCartTest" name="varifyAddToCart" time="5.614"/>
  <testcase classname="testCases.TC002_loginTest" name="varify_login" time="0.0">
    <ignored/>
  </testcase> <!-- varify_login -->
</testsuite> <!-- SpecificBrowserTest -->
