<?xml version="1.0" encoding="UTF-8"?>
<!-- Generated by org.testng.reporters.JUnitXMLReporter -->
<testsuite ignored="0" hostname="LAPTOP-G4FQ34GB" failures="0" tests="3" name="SpecificBrowserTest" time="27.0" errors="0" timestamp="2025-10-24T18:56:10 IST">
  <testcase classname="testCases.TC001_Account_RegisterationTest" name="varify_Account_registration" time="2.731"/>
  <testcase classname="testCases.TC002_loginTest" name="varify_login" time="2.121"/>
  <testcase classname="testCases.TC004_AddToCartTest" name="varifyAddToCart" time="9.293"/>
</testsuite> <!-- SpecificBrowserTest -->
