<?xml version="1.0" encoding="UTF-8"?>
<!-- Generated by org.testng.reporters.JUnitXMLReporter -->
<testsuite ignored="0" hostname="LAPTOP-G4FQ34GB" failures="1" tests="1" name="Test" time="4.505" errors="0" timestamp="2025-10-08T20:24:13 IST">
  <testcase classname="testCases.TC003_VarifyLoginDDT_Test" name="varifyLogin" time="0.0">
    <failure type="org.testng.TestNGException" message="
Method public void testCases.TC003_VarifyLoginDDT_Test.varifyLogin(java.lang.String,java.lang.String,java.lang.String) requires a @DataProvider named : 420">
      <![CDATA[org.testng.TestNGException: 
Method public void testCases.TC003_VarifyLoginDDT_Test.varifyLogin(java.lang.String,java.lang.String,java.lang.String) requires a @DataProvider named : 420
at java.base/java.util.ArrayList.forEach(ArrayList.java:1596)
... Removed 24 stack frames]]>
    </failure>
  </testcase> <!-- varifyLogin -->
</testsuite> <!-- Test -->
