<?xml version="1.0" encoding="UTF-8"?>
<testng-results ignored="1" total="2" passed="1" failed="0" skipped="0">
  <reporter-output>
  </reporter-output>
  <suite started-at="2025-10-20T09:09:00 IST" name="grouping Suite" finished-at="2025-10-20T09:09:08 IST" duration-ms="7967">
    <groups>
      <group name="Master">
        <method signature="TC001_Account_RegisterationTest.varify_Account_registration()[pri:0, instance:testCases.TC001_Account_RegisterationTest@3d3e5463]" name="varify_Account_registration" class="testCases.TC001_Account_RegisterationTest"/>
      </group> <!-- Master -->
      <group name="Sanity">
        <method signature="TC001_Account_RegisterationTest.varify_Account_registration()[pri:0, instance:testCases.TC001_Account_RegisterationTest@3d3e5463]" name="varify_Account_registration" class="testCases.TC001_Account_RegisterationTest"/>
      </group> <!-- Sanity -->
      <group name="Regression">
        <method signature="TC001_Account_RegisterationTest.varify_Account_registration()[pri:0, instance:testCases.TC001_Account_RegisterationTest@3d3e5463]" name="varify_Account_registration" class="testCases.TC001_Account_RegisterationTest"/>
      </group> <!-- Regression -->
    </groups>
    <test started-at="2025-10-20T09:09:00 IST" name="SpecificBrowserTest" finished-at="2025-10-20T09:09:08 IST" duration-ms="7967">
      <class name="testCases.TC001_Account_RegisterationTest">
        <test-method is-config="true" signature="setup(java.lang.String,java.lang.String)[pri:0, instance:testCases.TC001_Account_RegisterationTest@3d3e5463]" started-at="2025-10-20T09:09:00 IST" name="setup" finished-at="2025-10-20T09:09:05 IST" duration-ms="4452" status="PASS">
          <params>
            <param index="0">
              <value>
                <![CDATA[Windows]]>
              </value>
            </param>
            <param index="1">
              <value>
                <![CDATA[Edge]]>
              </value>
            </param>
          </params>
          <reporter-output>
          </reporter-output>
        </test-method> <!-- setup -->
        <test-method signature="varify_Account_registration()[pri:0, instance:testCases.TC001_Account_RegisterationTest@3d3e5463]" started-at="2025-10-20T09:09:05 IST" name="varify_Account_registration" finished-at="2025-10-20T09:09:08 IST" duration-ms="3201" status="PASS">
          <reporter-output>
          </reporter-output>
        </test-method> <!-- varify_Account_registration -->
        <test-method is-config="true" signature="teardown()[pri:0, instance:testCases.TC001_Account_RegisterationTest@3d3e5463]" started-at="2025-10-20T09:09:08 IST" name="teardown" finished-at="2025-10-20T09:09:08 IST" duration-ms="271" status="PASS">
          <reporter-output>
          </reporter-output>
        </test-method> <!-- teardown -->
      </class> <!-- testCases.TC001_Account_RegisterationTest -->
    </test> <!-- SpecificBrowserTest -->
  </suite> <!-- grouping Suite -->
</testng-results>
