<?xml version="1.0" encoding="UTF-8"?>
<testng-results ignored="0" total="1" passed="1" failed="0" skipped="0">
  <reporter-output>
  </reporter-output>
  <suite started-at="2025-10-22T09:17:33 IST" name="Master Suite" finished-at="2025-10-22T09:17:50 IST" duration-ms="16687">
    <groups>
      <group name="Master">
        <method signature="TC002_loginTest.varify_login()[pri:0, instance:testCases.TC002_loginTest@77d67cf3]" name="varify_login" class="testCases.TC002_loginTest"/>
      </group> <!-- Master -->
      <group name="Sanity">
        <method signature="TC002_loginTest.varify_login()[pri:0, instance:testCases.TC002_loginTest@77d67cf3]" name="varify_login" class="testCases.TC002_loginTest"/>
      </group> <!-- Sanity -->
    </groups>
    <test started-at="2025-10-22T09:17:33 IST" name="SpecificBrowserTest" finished-at="2025-10-22T09:17:50 IST" duration-ms="16687">
      <class name="testCases.TC002_loginTest">
        <test-method is-config="true" signature="setup(java.lang.String,java.lang.String)[pri:0, instance:testCases.TC002_loginTest@77d67cf3]" started-at="2025-10-22T09:17:33 IST" name="setup" finished-at="2025-10-22T09:17:47 IST" duration-ms="13622" status="PASS">
          <params>
            <param index="0">
              <value>
                <![CDATA[windows]]>
              </value>
            </param>
            <param index="1">
              <value>
                <![CDATA[chrome]]>
              </value>
            </param>
          </params>
          <reporter-output>
          </reporter-output>
        </test-method> <!-- setup -->
        <test-method signature="varify_login()[pri:0, instance:testCases.TC002_loginTest@77d67cf3]" started-at="2025-10-22T09:17:47 IST" name="varify_login" finished-at="2025-10-22T09:17:49 IST" duration-ms="2029" status="PASS">
          <reporter-output>
          </reporter-output>
        </test-method> <!-- varify_login -->
        <test-method is-config="true" signature="teardown()[pri:0, instance:testCases.TC002_loginTest@77d67cf3]" started-at="2025-10-22T09:17:49 IST" name="teardown" finished-at="2025-10-22T09:17:50 IST" duration-ms="732" status="PASS">
          <reporter-output>
          </reporter-output>
        </test-method> <!-- teardown -->
      </class> <!-- testCases.TC002_loginTest -->
    </test> <!-- SpecificBrowserTest -->
  </suite> <!-- Master Suite -->
</testng-results>
