<?xml version="1.0" encoding="UTF-8"?>
<!-- Generated by org.testng.reporters.JUnitXMLReporter -->
<testsuite ignored="0" hostname="LAPTOP-G4FQ34GB" failures="0" tests="2" name="DockerTest1" time="0.036" errors="0" timestamp="2025-10-23T13:55:15 IST">
  <testcase classname="testCases.TC001_Account_RegisterationTest" name="varify_Account_registration" time="0.0">
    <skipped/>
  </testcase> <!-- varify_Account_registration -->
  <testcase classname="testCases.TC002_loginTest" name="varify_login" time="0.0">
    <skipped/>
  </testcase> <!-- varify_login -->
</testsuite> <!-- DockerTest1 -->
