<?xml version="1.0" encoding="UTF-8"?>
<!-- Generated by org.testng.reporters.JUnitXMLReporter -->
<testsuite ignored="1" hostname="LAPTOP-G4FQ34GB" failures="0" tests="1" name="SpecificBrowserTest" time="7.967" errors="0" timestamp="2025-10-20T09:09:08 IST">
  <testcase classname="testCases.TC001_Account_RegisterationTest" name="varify_Account_registration" time="3.201"/>
  <testcase classname="testCases.TC002_loginTest" name="varify_login" time="0.0">
    <ignored/>
  </testcase> <!-- varify_login -->
</testsuite> <!-- SpecificBrowserTest -->
